<?xml version="1.0" encoding="utf-8"?><testsuites name="pytest tests"><testsuite name="pytest" errors="0" failures="0" skipped="0" tests="8" time="4.774" timestamp="2026-03-21T20:16:13.054096+00:00" hostname="agent-env-ec0b612c-6939-449c-925e-e9c733428323"><testcase classname="tests.test_chat_api.TestChatAPI" name="test_get_messages_empty" time="0.645" /><testcase classname="tests.test_chat_api.TestChatAPI" name="test_send_message_success" time="0.580" /><testcase classname="tests.test_chat_api.TestChatAPI" name="test_send_empty_message_fails" time="0.493" /><testcase classname="tests.test_chat_api.TestChatAPI" name="test_send_message_no_auth" time="0.505" /><testcase classname="tests.test_chat_api.TestChatAPI" name="test_get_messages_wrong_user" time="0.798" /><testcase classname="tests.test_chat_api.TestChatAPI" name="test_send_multiple_messages" time="0.641" /><testcase classname="tests.test_chat_api.TestChatAPI" name="test_get_unread_count" time="0.535" /><testcase classname="tests.test_chat_api.TestBookingBugFix" name="test_booking_appears_in_active_list" time="0.543" /></testsuite></testsuites>