<?xml version="1.0" encoding="utf-8"?><testsuites name="pytest tests"><testsuite name="pytest" errors="0" failures="0" skipped="0" tests="33" time="9.699" timestamp="2026-03-21T19:59:05.459587+00:00" hostname="agent-env-ec0b612c-6939-449c-925e-e9c733428323"><testcase classname="tests.test_auth_flow.TestHealthCheck" name="test_root_endpoint" time="0.242" /><testcase classname="tests.test_auth_flow.TestHealthCheck" name="test_health_endpoint" time="0.113" /><testcase classname="tests.test_auth_flow.TestRegistration" name="test_register_success_and_verify" time="0.642" /><testcase classname="tests.test_auth_flow.TestRegistration" name="test_register_username_too_short" time="0.103" /><testcase classname="tests.test_auth_flow.TestRegistration" name="test_register_username_invalid_chars" time="0.137" /><testcase classname="tests.test_auth_flow.TestRegistration" name="test_register_password_too_short" time="0.120" /><testcase classname="tests.test_auth_flow.TestRegistration" name="test_register_duplicate_username" time="0.372" /><testcase classname="tests.test_auth_flow.TestRegistration" name="test_register_duplicate_email" time="0.409" /><testcase classname="tests.test_auth_flow.TestLogin" name="test_login_with_username" time="0.598" /><testcase classname="tests.test_auth_flow.TestLogin" name="test_login_with_email" time="0.636" /><testcase classname="tests.test_auth_flow.TestLogin" name="test_login_wrong_password" time="0.615" /><testcase classname="tests.test_auth_flow.TestLogin" name="test_login_nonexistent_user" time="0.103" /><testcase classname="tests.test_auth_flow.TestAuthenticatedEndpoints" name="test_get_me_success" time="0.375" /><testcase classname="tests.test_auth_flow.TestAuthenticatedEndpoints" name="test_get_me_no_token" time="0.125" /><testcase classname="tests.test_auth_flow.TestAuthenticatedEndpoints" name="test_get_me_invalid_token" time="0.146" /><testcase classname="tests.test_guild_api.TestGamesAPI" name="test_get_games_list" time="0.105" /><testcase classname="tests.test_guild_api.TestGamesAPI" name="test_get_game_detail_unauthenticated" time="0.162" /><testcase classname="tests.test_guild_api.TestGamesAPI" name="test_get_game_detail_authenticated" time="0.441" /><testcase classname="tests.test_guild_api.TestGamesAPI" name="test_get_nonexistent_game" time="0.111" /><testcase classname="tests.test_guild_api.TestBookingsAPI" name="test_book_game_success" time="0.488" /><testcase classname="tests.test_guild_api.TestBookingsAPI" name="test_book_game_duplicate" time="0.482" /><testcase classname="tests.test_guild_api.TestBookingsAPI" name="test_book_game_no_auth" time="0.206" /><testcase classname="tests.test_guild_api.TestBookingsAPI" name="test_cancel_booking_success" time="0.502" /><testcase classname="tests.test_guild_api.TestBookingsAPI" name="test_cancel_nonexistent_booking" time="0.422" /><testcase classname="tests.test_guild_api.TestBookingsAPI" name="test_get_user_bookings" time="0.507" /><testcase classname="tests.test_guild_api.TestBookingsAPI" name="test_get_bookings_no_auth" time="0.095" /><testcase classname="tests.test_guild_api.TestWalletAPI" name="test_get_wallet" time="0.397" /><testcase classname="tests.test_guild_api.TestWalletAPI" name="test_get_wallet_with_filters" time="0.465" /><testcase classname="tests.test_guild_api.TestWalletAPI" name="test_get_wallet_no_auth" time="0.088" /><testcase classname="tests.test_guild_api.TestLeaderboardAPI" name="test_get_leaderboard_sessions" time="0.096" /><testcase classname="tests.test_guild_api.TestLeaderboardAPI" name="test_get_leaderboard_gold" time="0.094" /><testcase classname="tests.test_guild_api.TestLeaderboardAPI" name="test_get_leaderboard_achievements" time="0.105" /><testcase classname="tests.test_guild_api.TestMastersAPI" name="test_get_masters_list" time="0.109" /></testsuite></testsuites>